<?xml version="1.0" encoding="UTF-8"?>
<!-- Generated by org.testng.reporters.JUnitReportReporter -->
<testsuite hostname="DESKTOP-ETQNT92" name="demo.Test_Get2" tests="1" failures="0" timestamp="28 Jan 2021 17:58:55 GMT" time="2.607" errors="0">
  <testcase name="test_Post" time="2.607" classname="demo.Test_Get2"/>
</testsuite> <!-- demo.Test_Get2 -->
