<?xml version="1.0" encoding="UTF-8"?>
<!-- Generated by org.testng.reporters.JUnitReportReporter -->
<testsuite hostname="DESKTOP-ETQNT92" name="demo.Test_Delete" tests="1" failures="0" timestamp="28 Jan 2021 18:25:37 GMT" time="2.018" errors="0">
  <testcase name="test_delete" time="2.018" classname="demo.Test_Delete"/>
</testsuite> <!-- demo.Test_Delete -->
