<?xml version="1.0" encoding="UTF-8"?>
<!-- Generated by org.testng.reporters.JUnitReportReporter -->
<testsuite hostname="DESKTOP-ETQNT92" name="Fake_API.PUT_API" tests="1" failures="0" timestamp="29 Jan 2021 06:29:55 GMT" time="2.252" errors="0">
  <testcase name="test_post" time="2.252" classname="Fake_API.PUT_API"/>
</testsuite> <!-- Fake_API.PUT_API -->
