<?xml version="1.0" encoding="UTF-8"?>
<!-- Generated by org.testng.reporters.JUnitReportReporter -->
<testsuite hostname="DESKTOP-ETQNT92" name="demo.Test_Put$Test_Post" tests="1" failures="0" timestamp="28 Jan 2021 18:20:16 GMT" time="2.585" errors="0">
  <testcase name="test_Post" time="2.585" classname="demo.Test_Put$Test_Post"/>
</testsuite> <!-- demo.Test_Put$Test_Post -->
