<?xml version="1.0" encoding="UTF-8"?>
<!-- Generated by org.testng.reporters.JUnitReportReporter -->
<testsuite hostname="DESKTOP-ETQNT92" name="Fake_API.Delete_API" tests="1" failures="0" timestamp="29 Jan 2021 06:31:42 GMT" time="1.322" errors="0">
  <testcase name="test_delete" time="1.322" classname="Fake_API.Delete_API"/>
</testsuite> <!-- Fake_API.Delete_API -->
