<?xml version="1.0" encoding="UTF-8"?>
<!-- Generated by org.testng.reporters.JUnitReportReporter -->
<testsuite hostname="DESKTOP-ETQNT92" name="demo.Test_Get" tests="1" failures="0" timestamp="28 Jan 2021 16:29:18 GMT" time="3.914" errors="0">
  <testcase name="test_get_2" time="3.914" classname="demo.Test_Get"/>
</testsuite> <!-- demo.Test_Get -->
