<?xml version="1.0" encoding="UTF-8"?>
<!-- Generated by org.testng.reporters.JUnitReportReporter -->
<testsuite hostname="DESKTOP-ETQNT92" name="Fake_API.Get_Fake" tests="2" failures="0" timestamp="29 Jan 2021 05:54:39 GMT" time="2.068" errors="0">
  <testcase name="test_Get" time="2.037" classname="Fake_API.Get_Fake"/>
  <testcase name="test_Print_method" time="0.031" classname="Fake_API.Get_Fake"/>
</testsuite> <!-- Fake_API.Get_Fake -->
