<?xml version="1.0" encoding="UTF-8"?>
<!-- Generated by org.testng.reporters.JUnitReportReporter -->
<testsuite hostname="DESKTOP-ETQNT92" name="api_ReqRes.Response_Validator" tests="1" failures="0" timestamp="29 Jan 2021 07:24:51 GMT" time="11.833" errors="0">
  <testcase name="test_get_response_Validator" time="11.833" classname="api_ReqRes.Response_Validator"/>
</testsuite> <!-- api_ReqRes.Response_Validator -->
