<?xml version="1.0" encoding="UTF-8"?>
<!-- Generated by org.testng.reporters.JUnitReportReporter -->
<testsuite hostname="DESKTOP-ETQNT92" name="demo.Test_Put" tests="1" failures="0" timestamp="28 Jan 2021 18:21:32 GMT" time="2.083" errors="0">
  <testcase name="test_put" time="2.083" classname="demo.Test_Put"/>
</testsuite> <!-- demo.Test_Put -->
