<?xml version="1.0" encoding="UTF-8"?>
<!-- Generated by org.testng.reporters.JUnitReportReporter -->
<testsuite hostname="DESKTOP-ETQNT92" name="Fake_API.Post_API" tests="1" failures="0" timestamp="29 Jan 2021 06:26:18 GMT" time="2.243" errors="0">
  <testcase name="test_put" time="2.243" classname="Fake_API.Post_API"/>
</testsuite> <!-- Fake_API.Post_API -->
